https://mobile.twitter.com/brynnritt/followers?lang=en
https://mobile.twitter.com/brynnritt/followers?lang=en
https://mobile.twitter.com/brynnritt/followers?lang=en&cursor=1563405807006475665
https://mobile.twitter.com/brynnritt/followers?lang=en&cursor=1518126856358813963
https://mobile.twitter.com/brynnritt/followers?lang=en&cursor=1478770844481253782
https://mobile.twitter.com/brynnritt/followers?lang=en&cursor=[]
https://mobile.twitter.com/brynnritt/followers?lang=en
https://mobile.twitter.com/brynnritt/followers?lang=en&cursor=1563405807006475665
https://mobile.twitter.com/brynnritt/followers?lang=en&cursor=1518126856358813963
https://mobile.twitter.com/brynnritt/followers?lang=en&cursor=1478770844481253782
https://mobile.twitter.com/brynnritt/followers?lang=en&cursor=[]
https://mobile.twitter.com/brynnritt/following?lang=en
https://mobile.twitter.com/brynnritt/following?lang=en&cursor=1622496781240697319
https://mobile.twitter.com/brynnritt/following?lang=en&cursor=1508627585532938717
https://mobile.twitter.com/brynnritt/following?lang=en&cursor=[]
https://mobile.twitter.com/brynnritt/followers?lang=en
https://mobile.twitter.com/brynnritt/followers?lang=en&cursor=1563405807006475665
https://mobile.twitter.com/brynnritt/followers?lang=en&cursor=1518126856358813963
https://mobile.twitter.com/brynnritt/followers?lang=en&cursor=1478770844481253782
https://mobile.twitter.com/brynnritt/followers?lang=en&cursor=[]
